<?xml version="1.0" encoding="UTF-8"?>
<testsuite xmlns:xsi="http://www.w3.org/2001/XMLSchema-instance" xsi:noNamespaceSchemaLocation="https://maven.apache.org/surefire/maven-surefire-plugin/xsd/surefire-test-report.xsd" name="devopsadda.complete.game.LeaderBoardTest" time="4.2" tests="7" errors="0" skipped="0" failures="0">
  <properties>
[...]
</properties>
  <testcase name="testTeamScoresDroppablyLate" classname="devopsadda.complete.game.LeaderBoardTest" time="1.639"/>
  <testcase name="testTeamScoresObservablyLate" classname="devopsadda.complete.game.LeaderBoardTest" time="3.84"/>
  <testcase name="testTeamScoresOnTime" classname="devopsadda.complete.game.LeaderBoardTest" time="1.355"/>
  <testcase name="testTeamScoresSpeculative" classname="devopsadda.complete.game.LeaderBoardTest" time="2.345"/>
  <testcase name="testLeaderBoardOptions" classname="devopsadda.complete.game.LeaderBoardTest" time="0.219"/>
  <testcase name="testUserScore" classname="devopsadda.complete.game.LeaderBoardTest" time="1.677"/>
  <testcase name="testTeamScoresUnobservablyLate" classname="devopsadda.complete.game.LeaderBoardTest" time="0.65"/>
</testsuite>